澳门莲花,http://live-hls.macaulotustv.com/lotustv/macaulotustv.m3u8
天映频道,http://php.jdshipin.com/smt.php?id=Celestial
Pearl,http://php.jdshipin.com/TVOD/iptv.php?id=mzt2
TVB J1,http://php.jdshipin.com/TVOD/iptv.php?id=j1
TVB J2,http://php.jdshipin.com/TVOD/iptv.php?id=j2
无线新闻,http://php.jdshipin.com/TVOD/iptv.php?id=wxxwt
娱乐新闻,http://php.jdshipin.com/TVOD/iptv.php?id=tvbylxw
ViuTV,http://php.jdshipin.com/TVOD/iptv.php?id=viutv
ViuTV6,http://php.jdshipin.com:8880/smt.php?id=viusix_twn
翡翠华丽,http://php.jdshipin.com:8880/TVOD/iptv.php?id=huali
美亚电影,http://php.jdshipin.com:8880/TVOD/iptv.php?id=meiya
千禧经典,http://php.jdshipin.com:8880/TVOD/iptv.php?id=tvbc
重温经典,http://php.jdshipin.com:8880/TVOD/iptv.php?id=cwjd
澳视澳门,http://php.jdshipin.com/TVOD/iptv.php?id=asam
澳门Macau,http://php.jdshipin.com/PLTV/iptv.php?id=as
astro Aec,http://php.jdshipin.com/smt.php?id=AEC
astro Aod,http://php.jdshipin.com/smt.php?id=Aodhd
astro欢喜台,http://php.jdshipin.com/smt.php?id=Huahee
astro全家,http://php.jdshipin.com/smt.php?id=Quanjia
亚洲武侠,http://php.jdshipin.com/TVOD/iptv.php?id=yzwx
TVB星河,http://php.jdshipin.com:8880/TVOD/iptv.php?id=xinghe
TVB武侠,http://php.jdshipin.com/TVOD/iptv.php?id=yzwx
HOY TV,http://php.jdshipin.com/TVOD/iptv.php?id=hoytv
RTHK31,http://php.jdshipin.com:8880/TVOD/iptv.php?id=rthk31
RTHK32,http://php.jdshipin.com:8880/TVOD/iptv.php?id=rthk32
爱奇艺,http://php.jdshipin.com/smt.php?id=Qiyi
